Arguments: 
  C:\Dima\NodeJS\node.exe C:\Users\Александр\AppData\Roaming\npm\node_modules\yarn\bin\yarn.js

PATH: 
  C:\Windows\system32;C:\Windows;C:\Windows\System32\Wbem;C:\Windows\System32\WindowsPowerShell\v1.0\;C:\Windows\System32\OpenSSH\;C:\Program Files (x86)\NVIDIA Corporation\PhysX\Common;C:\Program Files\NVIDIA Corporation\NVIDIA NvDLISR;C:\Dima\Git\cmd;C:\Dima\NodeJS\;C:\WINDOWS\system32;C:\WINDOWS;C:\WINDOWS\System32\Wbem;C:\WINDOWS\System32\WindowsPowerShell\v1.0\;C:\WINDOWS\System32\OpenSSH\;C:\php;C:\ProgramData\ComposerSetup\bin;C:\Users\Александр\AppData\Local\Microsoft\WindowsApps;C:\Users\Александр\AppData\Roaming\npm;C:\Users\Александр\AppData\Local\GitHubDesktop\bin;C:\Users\Александр\AppData\Local\Microsoft\WindowsApps;C:\Users\Александр\AppData\Roaming\Composer\vendor\bin;C:\Program Files\heroku\bin

Yarn version: 
  1.22.10

Node version: 
  14.9.0

Platform: 
  win32 x64

Trace: 
  SyntaxError: C:\Dima\Netology homeworks\REACT\Router\ra-router-crud-backend\package.json: Unexpected end of JSON input
      at JSON.parse (<anonymous>)
      at C:\Users\Александр\AppData\Roaming\npm\node_modules\yarn\lib\cli.js:1625:59
      at Generator.next (<anonymous>)
      at step (C:\Users\Александр\AppData\Roaming\npm\node_modules\yarn\lib\cli.js:310:30)
      at C:\Users\Александр\AppData\Roaming\npm\node_modules\yarn\lib\cli.js:321:13

npm manifest: 
  

yarn manifest: 
  No manifest

Lockfile: 
  No lockfile
